0 info it worked if it ends with ok
1 verbose cli [ '/data/nodejs-6.2.2/nodejs/bin/.node.bin',
1 verbose cli   '/data/nodejs-6.2.2/nodejs/bin/npm',
1 verbose cli   'install',
1 verbose cli   '-g',
1 verbose cli   'mongoose',
1 verbose cli   '--save' ]
2 info using npm@4.0.5
3 info using node@v6.2.2
4 silly loadCurrentTree Starting
5 silly install loadCurrentTree
6 silly install readGlobalPackageData
7 silly fetchPackageMetaData mongoose
8 silly fetchNamedPackageData mongoose
9 silly mapToRegistry name mongoose
10 silly mapToRegistry using default registry
11 silly mapToRegistry registry https://registry.npmjs.org/
12 silly mapToRegistry data Result {
12 silly mapToRegistry   raw: 'mongoose',
12 silly mapToRegistry   scope: null,
12 silly mapToRegistry   escapedName: 'mongoose',
12 silly mapToRegistry   name: 'mongoose',
12 silly mapToRegistry   rawSpec: '',
12 silly mapToRegistry   spec: 'latest',
12 silly mapToRegistry   type: 'tag' }
13 silly mapToRegistry uri https://registry.npmjs.org/mongoose
14 verbose request uri https://registry.npmjs.org/mongoose
15 verbose request no auth needed
16 info attempt registry request try #1 at 7:44:22 PM
17 verbose request id 6c61c9f42abd82bc
18 http request GET https://registry.npmjs.org/mongoose
19 info retry will retry, error on last attempt: Error: getaddrinfo ENOTFOUND registry.npmjs.org registry.npmjs.org:443
20 info attempt registry request try #2 at 7:44:36 PM
21 http request GET https://registry.npmjs.org/mongoose
22 info retry will retry, error on last attempt: Error: getaddrinfo ENOTFOUND registry.npmjs.org registry.npmjs.org:443
23 info attempt registry request try #3 at 7:45:36 PM
24 http request GET https://registry.npmjs.org/mongoose
25 http 200 https://registry.npmjs.org/mongoose
26 verbose headers { server: 'nginx/1.10.1',
26 verbose headers   'content-type': 'application/json',
26 verbose headers   'last-modified': 'Sat, 10 Dec 2016 17:14:11 GMT',
26 verbose headers   etag: 'W/"584c37e3-828e2"',
26 verbose headers   'content-encoding': 'gzip',
26 verbose headers   'cache-control': 'max-age=300',
26 verbose headers   'content-length': '41135',
26 verbose headers   'accept-ranges': 'bytes',
26 verbose headers   date: 'Wed, 14 Dec 2016 11:45:52 GMT',
26 verbose headers   via: '1.1 varnish',
26 verbose headers   age: '45',
26 verbose headers   connection: 'keep-alive',
26 verbose headers   'x-served-by': 'cache-ams4129-AMS',
26 verbose headers   'x-cache': 'HIT',
26 verbose headers   'x-cache-hits': '1',
26 verbose headers   'x-timer': 'S1481715952.172139,VS0,VE0',
26 verbose headers   vary: 'Accept-Encoding' }
27 silly get cb [ 200,
27 silly get   { server: 'nginx/1.10.1',
27 silly get     'content-type': 'application/json',
27 silly get     'last-modified': 'Sat, 10 Dec 2016 17:14:11 GMT',
27 silly get     etag: 'W/"584c37e3-828e2"',
27 silly get     'content-encoding': 'gzip',
27 silly get     'cache-control': 'max-age=300',
27 silly get     'content-length': '41135',
27 silly get     'accept-ranges': 'bytes',
27 silly get     date: 'Wed, 14 Dec 2016 11:45:52 GMT',
27 silly get     via: '1.1 varnish',
27 silly get     age: '45',
27 silly get     connection: 'keep-alive',
27 silly get     'x-served-by': 'cache-ams4129-AMS',
27 silly get     'x-cache': 'HIT',
27 silly get     'x-cache-hits': '1',
27 silly get     'x-timer': 'S1481715952.172139,VS0,VE0',
27 silly get     vary: 'Accept-Encoding' } ]
28 verbose get saving mongoose to /root/.npm/registry.npmjs.org/mongoose/.cache.json
29 verbose correctMkdir /root/.npm correctMkdir not in flight; initializing
30 silly install normalizeTree
31 silly loadCurrentTree Finishing
32 silly loadIdealTree Starting
33 silly install loadIdealTree
34 silly cloneCurrentTree Starting
35 silly install cloneCurrentTreeToIdealTree
36 silly cloneCurrentTree Finishing
37 silly loadShrinkwrap Starting
38 silly install loadShrinkwrap
39 silly loadShrinkwrap Finishing
40 silly loadAllDepsIntoIdealTree Starting
41 silly install loadAllDepsIntoIdealTree
42 silly resolveWithNewModule mongoose@4.7.2 checking installable status
43 silly cache add args [ 'mongoose', null ]
44 verbose cache add spec mongoose
45 silly cache add parsed spec Result {
45 silly cache add   raw: 'mongoose',
45 silly cache add   scope: null,
45 silly cache add   escapedName: 'mongoose',
45 silly cache add   name: 'mongoose',
45 silly cache add   rawSpec: '',
45 silly cache add   spec: 'latest',
45 silly cache add   type: 'tag' }
46 silly addNamed mongoose@latest
47 verbose addNamed "latest" is being treated as a dist-tag for mongoose
48 info addNameTag [ 'mongoose', 'latest' ]
49 silly mapToRegistry name mongoose
50 silly mapToRegistry using default registry
51 silly mapToRegistry registry https://registry.npmjs.org/
52 silly mapToRegistry data Result {
52 silly mapToRegistry   raw: 'mongoose',
52 silly mapToRegistry   scope: null,
52 silly mapToRegistry   escapedName: 'mongoose',
52 silly mapToRegistry   name: 'mongoose',
52 silly mapToRegistry   rawSpec: '',
52 silly mapToRegistry   spec: 'latest',
52 silly mapToRegistry   type: 'tag' }
53 silly mapToRegistry uri https://registry.npmjs.org/mongoose
54 verbose addNameTag registry:https://registry.npmjs.org/mongoose not in flight; fetching
55 verbose get https://registry.npmjs.org/mongoose not expired, no request
56 silly addNameTag next cb for mongoose with tag latest
57 silly addNamed mongoose@4.7.2
58 verbose addNamed "4.7.2" is a plain semver version for mongoose
59 silly mapToRegistry name mongoose
60 silly mapToRegistry using default registry
61 silly mapToRegistry registry https://registry.npmjs.org/
62 silly mapToRegistry data Result {
62 silly mapToRegistry   raw: 'mongoose',
62 silly mapToRegistry   scope: null,
62 silly mapToRegistry   escapedName: 'mongoose',
62 silly mapToRegistry   name: 'mongoose',
62 silly mapToRegistry   rawSpec: '',
62 silly mapToRegistry   spec: 'latest',
62 silly mapToRegistry   type: 'tag' }
63 silly mapToRegistry uri https://registry.npmjs.org/mongoose
64 verbose addRemoteTarball https://registry.npmjs.org/mongoose/-/mongoose-4.7.2.tgz not in flight; adding
65 verbose addRemoteTarball [ 'https://registry.npmjs.org/mongoose/-/mongoose-4.7.2.tgz',
65 verbose addRemoteTarball   'e8ed06353c918169bec886cdc0c2077a93682faa' ]
66 info retry fetch attempt 1 at 7:46:04 PM
67 info attempt registry request try #1 at 7:46:04 PM
68 http fetch GET https://registry.npmjs.org/mongoose/-/mongoose-4.7.2.tgz
69 http fetch 200 https://registry.npmjs.org/mongoose/-/mongoose-4.7.2.tgz
70 info retry will retry, error on last attempt: Error: read ECONNRESET
71 silly fetchAndShaCheck shasum e8ed06353c918169bec886cdc0c2077a93682faa
72 silly rollbackFailedOptional Starting
73 silly rollbackFailedOptional Finishing
74 silly runTopLevelLifecycles Finishing
75 silly install printInstalled
76 verbose stack Error: shasum check failed for /tmp/npm-25205-ed856695/registry.npmjs.org/mongoose/-/mongoose-4.7.2.tgz
76 verbose stack Expected: e8ed06353c918169bec886cdc0c2077a93682faa
76 verbose stack Actual:   88074015a7520c9b4ab00eedc510944ee5aeb250
76 verbose stack From:     https://registry.npmjs.org/mongoose/-/mongoose-4.7.2.tgz
76 verbose stack     at /data/nodejs-6.2.2/nodejs/lib/node_modules/npm/node_modules/sha/index.js:25:8
76 verbose stack     at ReadStream.<anonymous> (/data/nodejs-6.2.2/nodejs/lib/node_modules/npm/node_modules/sha/index.js:72:7)
76 verbose stack     at emitNone (events.js:91:20)
76 verbose stack     at ReadStream.emit (events.js:185:7)
76 verbose stack     at endReadableNT (_stream_readable.js:934:12)
76 verbose stack     at _combinedTickCallback (internal/process/next_tick.js:74:11)
76 verbose stack     at process._tickCallback (internal/process/next_tick.js:98:9)
77 verbose cwd /data/nodejs-6.2.2/work/nodejs-demo
78 error Linux 3.10.0-123.9.3.el7.x86_64
79 error argv "/data/nodejs-6.2.2/nodejs/bin/.node.bin" "/data/nodejs-6.2.2/nodejs/bin/npm" "install" "-g" "mongoose" "--save"
80 error node v6.2.2
81 error npm  v4.0.5
82 error shasum check failed for /tmp/npm-25205-ed856695/registry.npmjs.org/mongoose/-/mongoose-4.7.2.tgz
82 error Expected: e8ed06353c918169bec886cdc0c2077a93682faa
82 error Actual:   88074015a7520c9b4ab00eedc510944ee5aeb250
82 error From:     https://registry.npmjs.org/mongoose/-/mongoose-4.7.2.tgz
83 error If you need help, you may report this error at:
83 error     <https://github.com/npm/npm/issues>
84 verbose exit [ 1, true ]
